2023-03-16 11:53:46.602  INFO 1564 --- [main] i.v.S3MicroservicesApiApplicationTests   : Starting S3MicroservicesApiApplicationTests using Java 17.0.5 on DESKTOP-RKFJCIP with PID 1564 (started by Satish Rai in C:\Users\Satish Rai\Documents\workspace-spring-tool-suite-4-4.17.1.RELEASE\S3_Microservices_API)
2023-03-16 11:53:46.606  INFO 1564 --- [main] i.v.S3MicroservicesApiApplicationTests   : No active profile set, falling back to 1 default profile: "default"
2023-03-16 11:53:56.713  INFO 1564 --- [main] i.v.S3MicroservicesApiApplicationTests   : Started S3MicroservicesApiApplicationTests in 10.778 seconds (JVM running for 13.27)
2023-03-16 12:41:28.439  INFO 16080 --- [restartedMain] in.vanna.S3MicroservicesApiApplication   : Starting S3MicroservicesApiApplication using Java 17.0.5 on DESKTOP-RKFJCIP with PID 16080 (C:\Users\Satish Rai\Documents\workspace-spring-tool-suite-4-4.17.1.RELEASE\S3_Microservices_API\target\classes started by Satish Rai in C:\Users\Satish Rai\Documents\workspace-spring-tool-suite-4-4.17.1.RELEASE\S3_Microservices_API)
2023-03-16 12:41:28.449  INFO 16080 --- [restartedMain] in.vanna.S3MicroservicesApiApplication   : No active profile set, falling back to 1 default profile: "default"
2023-03-16 12:41:28.547  INFO 16080 --- [restartedMain] .e.DevToolsPropertyDefaultsPostProcessor : Devtools property defaults active! Set 'spring.devtools.add-properties' to 'false' to disable
2023-03-16 12:41:28.549  INFO 16080 --- [restartedMain] .e.DevToolsPropertyDefaultsPostProcessor : For additional web related logging consider setting the 'logging.level.web' property to 'DEBUG'
2023-03-16 12:41:29.940  INFO 16080 --- [restartedMain] o.s.b.w.embedded.tomcat.TomcatWebServer  : Tomcat initialized with port(s): 8443 (https) 8080 (https)
2023-03-16 12:41:29.959  INFO 16080 --- [restartedMain] o.apache.catalina.core.StandardService   : Starting service [Tomcat]
2023-03-16 12:41:29.960  INFO 16080 --- [restartedMain] org.apache.catalina.core.StandardEngine  : Starting Servlet engine: [Apache Tomcat/9.0.71]
2023-03-16 12:41:30.553  INFO 16080 --- [restartedMain] o.a.c.c.C.[Tomcat].[localhost].[/]       : Initializing Spring embedded WebApplicationContext
2023-03-16 12:41:30.553  INFO 16080 --- [restartedMain] w.s.c.ServletWebServerApplicationContext : Root WebApplicationContext: initialization completed in 2003 ms
2023-03-16 12:41:36.526  INFO 16080 --- [restartedMain] o.s.b.d.a.OptionalLiveReloadServer       : LiveReload server is running on port 35729
2023-03-16 12:41:36.923  INFO 16080 --- [restartedMain] o.s.b.w.embedded.tomcat.TomcatWebServer  : Tomcat started on port(s): 8443 (https) 8080 (https) with context path ''
2023-03-16 12:41:36.954  INFO 16080 --- [restartedMain] in.vanna.S3MicroservicesApiApplication   : Started S3MicroservicesApiApplication in 9.008 seconds (JVM running for 10.673)
2023-03-16 12:42:03.969  INFO 16080 --- [https-jsse-nio-8443-exec-9] o.a.c.c.C.[Tomcat].[localhost].[/]       : Initializing Spring DispatcherServlet 'dispatcherServlet'
2023-03-16 12:42:03.969  INFO 16080 --- [https-jsse-nio-8443-exec-9] o.s.web.servlet.DispatcherServlet        : Initializing Servlet 'dispatcherServlet'
2023-03-16 12:42:03.971  INFO 16080 --- [https-jsse-nio-8443-exec-9] o.s.web.servlet.DispatcherServlet        : Completed initialization in 2 ms
2023-03-16 12:42:04.571 ERROR 16080 --- [https-jsse-nio-8443-exec-9] o.a.c.c.C.[.[.[/].[dispatcherServlet]    : Servlet.service() for servlet [dispatcherServlet] in context with path [] threw exception [Request processing failed; nested exception is com.amazonaws.services.s3.model.AmazonS3Exception: The AWS Access Key Id you provided does not exist in our records. (Service: Amazon S3; Status Code: 403; Error Code: InvalidAccessKeyId; Request ID: HPKZR3DK05892K2K; S3 Extended Request ID: E9OYnQtIVX/gQvYWRJMCwvmO+jiNK4VYXfHQ5rBzwrwSHkPEg+3x18ThKpFcaFAxdIbalXs03es=; Proxy: null), S3 Extended Request ID: E9OYnQtIVX/gQvYWRJMCwvmO+jiNK4VYXfHQ5rBzwrwSHkPEg+3x18ThKpFcaFAxdIbalXs03es=] with root cause

com.amazonaws.services.s3.model.AmazonS3Exception: The AWS Access Key Id you provided does not exist in our records. (Service: Amazon S3; Status Code: 403; Error Code: InvalidAccessKeyId; Request ID: HPKZR3DK05892K2K; S3 Extended Request ID: E9OYnQtIVX/gQvYWRJMCwvmO+jiNK4VYXfHQ5rBzwrwSHkPEg+3x18ThKpFcaFAxdIbalXs03es=; Proxy: null)
	at com.amazonaws.http.AmazonHttpClient$RequestExecutor.handleErrorResponse(AmazonHttpClient.java:1879) ~[aws-java-sdk-core-1.12.318.jar:na]
	at com.amazonaws.http.AmazonHttpClient$RequestExecutor.handleServiceErrorResponse(AmazonHttpClient.java:1418) ~[aws-java-sdk-core-1.12.318.jar:na]
	at com.amazonaws.http.AmazonHttpClient$RequestExecutor.executeOneRequest(AmazonHttpClient.java:1387) ~[aws-java-sdk-core-1.12.318.jar:na]
	at com.amazonaws.http.AmazonHttpClient$RequestExecutor.executeHelper(AmazonHttpClient.java:1157) ~[aws-java-sdk-core-1.12.318.jar:na]
	at com.amazonaws.http.AmazonHttpClient$RequestExecutor.doExecute(AmazonHttpClient.java:814) ~[aws-java-sdk-core-1.12.318.jar:na]
	at com.amazonaws.http.AmazonHttpClient$RequestExecutor.executeWithTimer(AmazonHttpClient.java:781) ~[aws-java-sdk-core-1.12.318.jar:na]
	at com.amazonaws.http.AmazonHttpClient$RequestExecutor.execute(AmazonHttpClient.java:755) ~[aws-java-sdk-core-1.12.318.jar:na]
	at com.amazonaws.http.AmazonHttpClient$RequestExecutor.access$500(AmazonHttpClient.java:715) ~[aws-java-sdk-core-1.12.318.jar:na]
	at com.amazonaws.http.AmazonHttpClient$RequestExecutionBuilderImpl.execute(AmazonHttpClient.java:697) ~[aws-java-sdk-core-1.12.318.jar:na]
	at com.amazonaws.http.AmazonHttpClient.execute(AmazonHttpClient.java:561) ~[aws-java-sdk-core-1.12.318.jar:na]
	at com.amazonaws.http.AmazonHttpClient.execute(AmazonHttpClient.java:541) ~[aws-java-sdk-core-1.12.318.jar:na]
	at com.amazonaws.services.s3.AmazonS3Client.invoke(AmazonS3Client.java:5456) ~[aws-java-sdk-s3-1.12.318.jar:na]
	at com.amazonaws.services.s3.AmazonS3Client.invoke(AmazonS3Client.java:5403) ~[aws-java-sdk-s3-1.12.318.jar:na]
	at com.amazonaws.services.s3.AmazonS3Client.invoke(AmazonS3Client.java:5397) ~[aws-java-sdk-s3-1.12.318.jar:na]
	at com.amazonaws.services.s3.AmazonS3Client.listObjectsV2(AmazonS3Client.java:971) ~[aws-java-sdk-s3-1.12.318.jar:na]
	at com.amazonaws.services.s3.AmazonS3Client.listObjectsV2(AmazonS3Client.java:940) ~[aws-java-sdk-s3-1.12.318.jar:na]
	at in.vanna.service.S3Service.listAllDocuments(S3Service.java:61) ~[classes/:na]
	at in.vanna.rest.S3Controller.getAllDocumnetsList(S3Controller.java:58) ~[classes/:na]
	at java.base/jdk.internal.reflect.NativeMethodAccessorImpl.invoke0(Native Method) ~[na:na]
	at java.base/jdk.internal.reflect.NativeMethodAccessorImpl.invoke(NativeMethodAccessorImpl.java:77) ~[na:na]
	at java.base/jdk.internal.reflect.DelegatingMethodAccessorImpl.invoke(DelegatingMethodAccessorImpl.java:43) ~[na:na]
	at java.base/java.lang.reflect.Method.invoke(Method.java:568) ~[na:na]
	at org.springframework.web.method.support.InvocableHandlerMethod.doInvoke(InvocableHandlerMethod.java:205) ~[spring-web-5.3.25.jar:5.3.25]
	at org.springframework.web.method.support.InvocableHandlerMethod.invokeForRequest(InvocableHandlerMethod.java:150) ~[spring-web-5.3.25.jar:5.3.25]
	at org.springframework.web.servlet.mvc.method.annotation.ServletInvocableHandlerMethod.invokeAndHandle(ServletInvocableHandlerMethod.java:117) ~[spring-webmvc-5.3.25.jar:5.3.25]
	at org.springframework.web.servlet.mvc.method.annotation.RequestMappingHandlerAdapter.invokeHandlerMethod(RequestMappingHandlerAdapter.java:895) ~[spring-webmvc-5.3.25.jar:5.3.25]
	at org.springframework.web.servlet.mvc.method.annotation.RequestMappingHandlerAdapter.handleInternal(RequestMappingHandlerAdapter.java:808) ~[spring-webmvc-5.3.25.jar:5.3.25]
	at org.springframework.web.servlet.mvc.method.AbstractHandlerMethodAdapter.handle(AbstractHandlerMethodAdapter.java:87) ~[spring-webmvc-5.3.25.jar:5.3.25]
	at org.springframework.web.servlet.DispatcherServlet.doDispatch(DispatcherServlet.java:1071) ~[spring-webmvc-5.3.25.jar:5.3.25]
	at org.springframework.web.servlet.DispatcherServlet.doService(DispatcherServlet.java:964) ~[spring-webmvc-5.3.25.jar:5.3.25]
	at org.springframework.web.servlet.FrameworkServlet.processRequest(FrameworkServlet.java:1006) ~[spring-webmvc-5.3.25.jar:5.3.25]
	at org.springframework.web.servlet.FrameworkServlet.doGet(FrameworkServlet.java:898) ~[spring-webmvc-5.3.25.jar:5.3.25]
	at javax.servlet.http.HttpServlet.service(HttpServlet.java:670) ~[tomcat-embed-core-9.0.71.jar:4.0.FR]
	at org.springframework.web.servlet.FrameworkServlet.service(FrameworkServlet.java:883) ~[spring-webmvc-5.3.25.jar:5.3.25]
	at javax.servlet.http.HttpServlet.service(HttpServlet.java:779) ~[tomcat-embed-core-9.0.71.jar:4.0.FR]
	at org.apache.catalina.core.ApplicationFilterChain.internalDoFilter(ApplicationFilterChain.java:227) ~[tomcat-embed-core-9.0.71.jar:9.0.71]
	at org.apache.catalina.core.ApplicationFilterChain.doFilter(ApplicationFilterChain.java:162) ~[tomcat-embed-core-9.0.71.jar:9.0.71]
	at org.apache.tomcat.websocket.server.WsFilter.doFilter(WsFilter.java:53) ~[tomcat-embed-websocket-9.0.71.jar:9.0.71]
	at org.apache.catalina.core.ApplicationFilterChain.internalDoFilter(ApplicationFilterChain.java:189) ~[tomcat-embed-core-9.0.71.jar:9.0.71]
	at org.apache.catalina.core.ApplicationFilterChain.doFilter(ApplicationFilterChain.java:162) ~[tomcat-embed-core-9.0.71.jar:9.0.71]
	at org.springframework.web.filter.RequestContextFilter.doFilterInternal(RequestContextFilter.java:100) ~[spring-web-5.3.25.jar:5.3.25]
	at org.springframework.web.filter.OncePerRequestFilter.doFilter(OncePerRequestFilter.java:117) ~[spring-web-5.3.25.jar:5.3.25]
	at org.apache.catalina.core.ApplicationFilterChain.internalDoFilter(ApplicationFilterChain.java:189) ~[tomcat-embed-core-9.0.71.jar:9.0.71]
	at org.apache.catalina.core.ApplicationFilterChain.doFilter(ApplicationFilterChain.java:162) ~[tomcat-embed-core-9.0.71.jar:9.0.71]
	at org.springframework.web.filter.FormContentFilter.doFilterInternal(FormContentFilter.java:93) ~[spring-web-5.3.25.jar:5.3.25]
	at org.springframework.web.filter.OncePerRequestFilter.doFilter(OncePerRequestFilter.java:117) ~[spring-web-5.3.25.jar:5.3.25]
	at org.apache.catalina.core.ApplicationFilterChain.internalDoFilter(ApplicationFilterChain.java:189) ~[tomcat-embed-core-9.0.71.jar:9.0.71]
	at org.apache.catalina.core.ApplicationFilterChain.doFilter(ApplicationFilterChain.java:162) ~[tomcat-embed-core-9.0.71.jar:9.0.71]
	at org.springframework.web.filter.CharacterEncodingFilter.doFilterInternal(CharacterEncodingFilter.java:201) ~[spring-web-5.3.25.jar:5.3.25]
	at org.springframework.web.filter.OncePerRequestFilter.doFilter(OncePerRequestFilter.java:117) ~[spring-web-5.3.25.jar:5.3.25]
	at org.apache.catalina.core.ApplicationFilterChain.internalDoFilter(ApplicationFilterChain.java:189) ~[tomcat-embed-core-9.0.71.jar:9.0.71]
	at org.apache.catalina.core.ApplicationFilterChain.doFilter(ApplicationFilterChain.java:162) ~[tomcat-embed-core-9.0.71.jar:9.0.71]
	at org.apache.catalina.core.StandardWrapperValve.invoke(StandardWrapperValve.java:177) ~[tomcat-embed-core-9.0.71.jar:9.0.71]
	at org.apache.catalina.core.StandardContextValve.invoke(StandardContextValve.java:97) ~[tomcat-embed-core-9.0.71.jar:9.0.71]
	at org.apache.catalina.authenticator.AuthenticatorBase.invoke(AuthenticatorBase.java:660) ~[tomcat-embed-core-9.0.71.jar:9.0.71]
	at org.apache.catalina.core.StandardHostValve.invoke(StandardHostValve.java:135) ~[tomcat-embed-core-9.0.71.jar:9.0.71]
	at org.apache.catalina.valves.ErrorReportValve.invoke(ErrorReportValve.java:92) ~[tomcat-embed-core-9.0.71.jar:9.0.71]
	at org.apache.catalina.core.StandardEngineValve.invoke(StandardEngineValve.java:78) ~[tomcat-embed-core-9.0.71.jar:9.0.71]
	at org.apache.catalina.connector.CoyoteAdapter.service(CoyoteAdapter.java:360) ~[tomcat-embed-core-9.0.71.jar:9.0.71]
	at org.apache.coyote.http11.Http11Processor.service(Http11Processor.java:399) ~[tomcat-embed-core-9.0.71.jar:9.0.71]
	at org.apache.coyote.AbstractProcessorLight.process(AbstractProcessorLight.java:65) ~[tomcat-embed-core-9.0.71.jar:9.0.71]
	at org.apache.coyote.AbstractProtocol$ConnectionHandler.process(AbstractProtocol.java:891) ~[tomcat-embed-core-9.0.71.jar:9.0.71]
	at org.apache.tomcat.util.net.NioEndpoint$SocketProcessor.doRun(NioEndpoint.java:1784) ~[tomcat-embed-core-9.0.71.jar:9.0.71]
	at org.apache.tomcat.util.net.SocketProcessorBase.run(SocketProcessorBase.java:49) ~[tomcat-embed-core-9.0.71.jar:9.0.71]
	at org.apache.tomcat.util.threads.ThreadPoolExecutor.runWorker(ThreadPoolExecutor.java:1191) ~[tomcat-embed-core-9.0.71.jar:9.0.71]
	at org.apache.tomcat.util.threads.ThreadPoolExecutor$Worker.run(ThreadPoolExecutor.java:659) ~[tomcat-embed-core-9.0.71.jar:9.0.71]
	at org.apache.tomcat.util.threads.TaskThread$WrappingRunnable.run(TaskThread.java:61) ~[tomcat-embed-core-9.0.71.jar:9.0.71]
	at java.base/java.lang.Thread.run(Thread.java:833) ~[na:na]

2023-03-16 12:43:14.088  INFO 16080 --- [RMI TCP Connection(7)-127.0.0.1] inMXBeanRegistrar$SpringApplicationAdmin : Application shutdown requested.
2023-03-16 12:43:14.126  INFO 16080 --- [RMI TCP Connection(7)-127.0.0.1] o.apache.catalina.core.StandardService   : Stopping service [Tomcat]
2023-03-16 12:43:14.129  INFO 16080 --- [RMI TCP Connection(7)-127.0.0.1] o.a.c.c.C.[Tomcat].[localhost].[/]       : Destroying Spring FrameworkServlet 'dispatcherServlet'
2023-03-16 12:44:07.308  INFO 12000 --- [main] i.v.S3MicroservicesApiApplicationTests   : Starting S3MicroservicesApiApplicationTests using Java 17.0.5 on DESKTOP-RKFJCIP with PID 12000 (started by Satish Rai in C:\Users\Satish Rai\Documents\workspace-spring-tool-suite-4-4.17.1.RELEASE\S3_Microservices_API)
2023-03-16 12:44:07.311  INFO 12000 --- [main] i.v.S3MicroservicesApiApplicationTests   : No active profile set, falling back to 1 default profile: "default"
2023-03-16 12:44:17.305  INFO 12000 --- [main] i.v.S3MicroservicesApiApplicationTests   : Started S3MicroservicesApiApplicationTests in 10.616 seconds (JVM running for 13.153)
2023-03-16 12:44:30.700  INFO 17748 --- [restartedMain] in.vanna.S3MicroservicesApiApplication   : Starting S3MicroservicesApiApplication using Java 17.0.5 on DESKTOP-RKFJCIP with PID 17748 (C:\Users\Satish Rai\Documents\workspace-spring-tool-suite-4-4.17.1.RELEASE\S3_Microservices_API\target\classes started by Satish Rai in C:\Users\Satish Rai\Documents\workspace-spring-tool-suite-4-4.17.1.RELEASE\S3_Microservices_API)
2023-03-16 12:44:30.702  INFO 17748 --- [restartedMain] in.vanna.S3MicroservicesApiApplication   : No active profile set, falling back to 1 default profile: "default"
2023-03-16 12:44:30.806  INFO 17748 --- [restartedMain] .e.DevToolsPropertyDefaultsPostProcessor : Devtools property defaults active! Set 'spring.devtools.add-properties' to 'false' to disable
2023-03-16 12:44:30.806  INFO 17748 --- [restartedMain] .e.DevToolsPropertyDefaultsPostProcessor : For additional web related logging consider setting the 'logging.level.web' property to 'DEBUG'
2023-03-16 12:44:32.633  INFO 17748 --- [restartedMain] o.s.b.w.embedded.tomcat.TomcatWebServer  : Tomcat initialized with port(s): 8443 (https) 8080 (https)
2023-03-16 12:44:32.654  INFO 17748 --- [restartedMain] o.apache.catalina.core.StandardService   : Starting service [Tomcat]
2023-03-16 12:44:32.654  INFO 17748 --- [restartedMain] org.apache.catalina.core.StandardEngine  : Starting Servlet engine: [Apache Tomcat/9.0.71]
2023-03-16 12:44:33.188  INFO 17748 --- [restartedMain] o.a.c.c.C.[Tomcat].[localhost].[/]       : Initializing Spring embedded WebApplicationContext
2023-03-16 12:44:33.189  INFO 17748 --- [restartedMain] w.s.c.ServletWebServerApplicationContext : Root WebApplicationContext: initialization completed in 2382 ms
2023-03-16 12:44:38.181  INFO 17748 --- [restartedMain] o.s.b.d.a.OptionalLiveReloadServer       : LiveReload server is running on port 35729
2023-03-16 12:44:38.496  INFO 17748 --- [restartedMain] o.s.b.w.embedded.tomcat.TomcatWebServer  : Tomcat started on port(s): 8443 (https) 8080 (https) with context path ''
2023-03-16 12:44:38.511  INFO 17748 --- [restartedMain] in.vanna.S3MicroservicesApiApplication   : Started S3MicroservicesApiApplication in 8.39 seconds (JVM running for 10.26)
2023-03-16 12:44:40.742  INFO 17748 --- [https-jsse-nio-8443-exec-9] o.a.c.c.C.[Tomcat].[localhost].[/]       : Initializing Spring DispatcherServlet 'dispatcherServlet'
2023-03-16 12:44:40.743  INFO 17748 --- [https-jsse-nio-8443-exec-9] o.s.web.servlet.DispatcherServlet        : Initializing Servlet 'dispatcherServlet'
2023-03-16 12:44:40.746  INFO 17748 --- [https-jsse-nio-8443-exec-9] o.s.web.servlet.DispatcherServlet        : Completed initialization in 2 ms
2023-03-16 12:44:50.935  INFO 17748 --- [RMI TCP Connection(2)-127.0.0.1] inMXBeanRegistrar$SpringApplicationAdmin : Application shutdown requested.
2023-03-16 12:44:50.970  INFO 17748 --- [RMI TCP Connection(2)-127.0.0.1] o.apache.catalina.core.StandardService   : Stopping service [Tomcat]
2023-03-16 12:44:50.972  INFO 17748 --- [RMI TCP Connection(2)-127.0.0.1] o.a.c.c.C.[Tomcat].[localhost].[/]       : Destroying Spring FrameworkServlet 'dispatcherServlet'
2023-03-16 12:45:20.784  INFO 3580 --- [main] i.v.S3MicroservicesApiApplicationTests   : Starting S3MicroservicesApiApplicationTests using Java 17.0.5 on DESKTOP-RKFJCIP with PID 3580 (started by Satish Rai in C:\Users\Satish Rai\Documents\workspace-spring-tool-suite-4-4.17.1.RELEASE\S3_Microservices_API)
2023-03-16 12:45:20.788  INFO 3580 --- [main] i.v.S3MicroservicesApiApplicationTests   : No active profile set, falling back to 1 default profile: "default"
2023-03-16 12:45:31.206  INFO 3580 --- [main] i.v.S3MicroservicesApiApplicationTests   : Started S3MicroservicesApiApplicationTests in 11.074 seconds (JVM running for 13.677)
